2020-06-18 17:17:19,239 [               DruidDataSource] [1010]   INFO - {dataSource-1,test} inited 
2020-06-22 11:10:07,929 [               DruidDataSource] [1010]   INFO - {dataSource-1,test} inited 
2020-06-22 11:10:19,245 [               DruidDataSource] [1010]   INFO - {dataSource-1,test} inited 
2020-06-24 15:08:10,296 [                   Environment] [109]   INFO - Client environment:zookeeper.version=3.5.7-f0fdd52973d373ffd9c86b81d99842dc2c7f660e, built on 02/10/2020 11:30 GMT 
2020-06-24 15:08:10,300 [                   Environment] [109]   INFO - Client environment:host.name=10.12.141.177 
2020-06-24 15:08:10,301 [                   Environment] [109]   INFO - Client environment:java.version=1.8.0_191 
2020-06-24 15:08:10,301 [                   Environment] [109]   INFO - Client environment:java.vendor=Oracle Corporation 
2020-06-24 15:08:10,302 [                   Environment] [109]   INFO - Client environment:java.home=/Library/Java/JavaVirtualMachines/jdk1.8.0_191.jdk/Contents/Home/jre 
2020-06-24 15:08:10,302 [                   Environment] [109]   INFO - Client environment:java.class.path=/Applications/IntelliJ IDEA CE.app/Contents/lib/idea_rt.jar:/Applications/IntelliJ IDEA CE.app/Contents/plugins/junit/lib/junit-rt.jar:/Applications/IntelliJ IDEA CE.app/Contents/plugins/junit/lib/junit5-rt.jar:/Library/Java/JavaVirtualMachines/jdk1.8.0_191.jdk/Contents/Home/jre/lib/charsets.jar:/Library/Java/JavaVirtualMachines/jdk1.8.0_191.jdk/Contents/Home/jre/lib/deploy.jar:/Library/Java/JavaVirtualMachines/jdk1.8.0_191.jdk/Contents/Home/jre/lib/ext/cldrdata.jar:/Library/Java/JavaVirtualMachines/jdk1.8.0_191.jdk/Contents/Home/jre/lib/ext/dnsns.jar:/Library/Java/JavaVirtualMachines/jdk1.8.0_191.jdk/Contents/Home/jre/lib/ext/jaccess.jar:/Library/Java/JavaVirtualMachines/jdk1.8.0_191.jdk/Contents/Home/jre/lib/ext/jfxrt.jar:/Library/Java/JavaVirtualMachines/jdk1.8.0_191.jdk/Contents/Home/jre/lib/ext/localedata.jar:/Library/Java/JavaVirtualMachines/jdk1.8.0_191.jdk/Contents/Home/jre/lib/ext/nashorn.jar:/Library/Java/JavaVirtualMachines/jdk1.8.0_191.jdk/Contents/Home/jre/lib/ext/sunec.jar:/Library/Java/JavaVirtualMachines/jdk1.8.0_191.jdk/Contents/Home/jre/lib/ext/sunjce_provider.jar:/Library/Java/JavaVirtualMachines/jdk1.8.0_191.jdk/Contents/Home/jre/lib/ext/sunpkcs11.jar:/Library/Java/JavaVirtualMachines/jdk1.8.0_191.jdk/Contents/Home/jre/lib/ext/zipfs.jar:/Library/Java/JavaVirtualMachines/jdk1.8.0_191.jdk/Contents/Home/jre/lib/javaws.jar:/Library/Java/JavaVirtualMachines/jdk1.8.0_191.jdk/Contents/Home/jre/lib/jce.jar:/Library/Java/JavaVirtualMachines/jdk1.8.0_191.jdk/Contents/Home/jre/lib/jfr.jar:/Library/Java/JavaVirtualMachines/jdk1.8.0_191.jdk/Contents/Home/jre/lib/jfxswt.jar:/Library/Java/JavaVirtualMachines/jdk1.8.0_191.jdk/Contents/Home/jre/lib/jsse.jar:/Library/Java/JavaVirtualMachines/jdk1.8.0_191.jdk/Contents/Home/jre/lib/management-agent.jar:/Library/Java/JavaVirtualMachines/jdk1.8.0_191.jdk/Contents/Home/jre/lib/plugin.jar:/Library/Java/JavaVirtualMachines/jdk1.8.0_191.jdk/Contents/Home/jre/lib/resources.jar:/Library/Java/JavaVirtualMachines/jdk1.8.0_191.jdk/Contents/Home/jre/lib/rt.jar:/Library/Java/JavaVirtualMachines/jdk1.8.0_191.jdk/Contents/Home/lib/ant-javafx.jar:/Library/Java/JavaVirtualMachines/jdk1.8.0_191.jdk/Contents/Home/lib/dt.jar:/Library/Java/JavaVirtualMachines/jdk1.8.0_191.jdk/Contents/Home/lib/javafx-mx.jar:/Library/Java/JavaVirtualMachines/jdk1.8.0_191.jdk/Contents/Home/lib/jconsole.jar:/Library/Java/JavaVirtualMachines/jdk1.8.0_191.jdk/Contents/Home/lib/packager.jar:/Library/Java/JavaVirtualMachines/jdk1.8.0_191.jdk/Contents/Home/lib/sa-jdi.jar:/Library/Java/JavaVirtualMachines/jdk1.8.0_191.jdk/Contents/Home/lib/tools.jar:/Users/lizibo/IdeaProjects/learn/target/classes:/Library/Python/2.7/site-packages/pip-18.1-py2.7.egg:/System/Library/Frameworks/Python.framework/Versions/2.7/lib/python2.7:/System/Library/Frameworks/Python.framework/Versions/2.7/lib/python2.7/plat-darwin:/System/Library/Frameworks/Python.framework/Versions/2.7/lib/python2.7/plat-mac:/System/Library/Frameworks/Python.framework/Versions/2.7/lib/python2.7/plat-mac/lib-scriptpackages:/System/Library/Frameworks/Python.framework/Versions/2.7/lib/python2.7/lib-tk:/System/Library/Frameworks/Python.framework/Versions/2.7/lib/python2.7/lib-dynload:/Users/lizibo/Library/Python/2.7/lib/python/site-packages:/Library/Python/2.7/site-packages:/System/Library/Frameworks/Python.framework/Versions/2.7/Extras/lib/python:/System/Library/Frameworks/Python.framework/Versions/2.7/Extras/lib/python/PyObjC:/Users/lizibo/Library/Caches/IdeaIC2018.3/python_stubs/-1247972723:/Users/lizibo/Library/Application Support/IdeaIC2018.3/python-ce/helpers/python-skeletons:/Users/lizibo/Library/Application Support/IdeaIC2018.3/python-ce/helpers/typeshed/stdlib/2:/Users/lizibo/Library/Application Support/IdeaIC2018.3/python-ce/helpers/typeshed/stdlib/2and3:/Users/lizibo/Library/Application Support/IdeaIC2018.3/python-ce/helpers/typeshed/third_party/2:/Users/lizibo/Library/Application Support/IdeaIC2018.3/python-ce/helpers/typeshed/third_party/2and3:/Users/lizibo/.m2/repository/com/google/code/gson/gson/2.8.5/gson-2.8.5.jar:/Users/lizibo/.m2/repository/commons-cli/commons-cli/1.4/commons-cli-1.4.jar:/Users/lizibo/.m2/repository/com/google/inject/guice/4.1.0/guice-4.1.0.jar:/Users/lizibo/.m2/repository/javax/inject/javax.inject/1/javax.inject-1.jar:/Users/lizibo/.m2/repository/aopalliance/aopalliance/1.0/aopalliance-1.0.jar:/Users/lizibo/.m2/repository/com/github/racc/typesafeconfig-guice/0.0.3/typesafeconfig-guice-0.0.3.jar:/Users/lizibo/.m2/repository/org/reflections/reflections/0.9.10/reflections-0.9.10.jar:/Users/lizibo/.m2/repository/org/javassist/javassist/3.19.0-GA/javassist-3.19.0-GA.jar:/Users/lizibo/.m2/repository/com/google/code/findbugs/annotations/2.0.1/annotations-2.0.1.jar:/Users/lizibo/.m2/repository/com/typesafe/config/1.3.0/config-1.3.0.jar:/Users/lizibo/.m2/repository/org/apache/commons/commons-lang3/3.8.1/commons-lang3-3.8.1.jar:/Users/lizibo/.m2/repository/com/alibaba/fastjson/1.2.62/fastjson-1.2.62.jar:/Users/lizibo/.m2/repository/junit/junit/4.12/junit-4.12.jar:/Users/lizibo/.m2/repository/com/google/protobuf/protobuf-java/3.6.1/protobuf-java-3.6.1.jar:/Users/lizibo/.m2/repository/org/eclipse/jgit/org.eclipse.jgit/5.7.0.202003110725-r/org.eclipse.jgit-5.7.0.202003110725-r.jar:/Users/lizibo/.m2/repository/com/jcraft/jsch/0.1.55/jsch-0.1.55.jar:/Users/lizibo/.m2/repository/com/jcraft/jzlib/1.1.1/jzlib-1.1.1.jar:/Users/lizibo/.m2/repository/com/googlecode/javaewah/JavaEWAH/1.1.7/JavaEWAH-1.1.7.jar:/Users/lizibo/.m2/repository/org/bouncycastle/bcpg-jdk15on/1.64/bcpg-jdk15on-1.64.jar:/Users/lizibo/.m2/repository/org/bouncycastle/bcprov-jdk15on/1.64/bcprov-jdk15on-1.64.jar:/Users/lizibo/.m2/repository/org/bouncycastle/bcpkix-jdk15on/1.64/bcpkix-jdk15on-1.64.jar:/Users/lizibo/.m2/repository/edu/princeton/cs/algs4/1.0.4/algs4-1.0.4.jar:/Users/lizibo/.m2/repository/org/apache/httpcomponents/httpclient/4.5.10/httpclient-4.5.10.jar:/Users/lizibo/.m2/repository/org/apache/httpcomponents/httpcore/4.4.12/httpcore-4.4.12.jar:/Users/lizibo/.m2/repository/commons-logging/commons-logging/1.2/commons-logging-1.2.jar:/Users/lizibo/.m2/repository/commons-codec/commons-codec/1.11/commons-codec-1.11.jar:/Users/lizibo/.m2/repository/com/squareup/okhttp3/okhttp/3.9.1/okhttp-3.9.1.jar:/Users/lizibo/.m2/repository/com/squareup/okio/okio/1.13.0/okio-1.13.0.jar:/Users/lizibo/.m2/repository/org/jetbrains/annotations/13.0/annotations-13.0.jar:/Users/lizibo/.m2/repository/com/twitter/finagle-http_2.12/19.12.0/finagle-http_2.12-19.12.0.jar:/Users/lizibo/.m2/repository/com/twitter/finagle-base-http_2.12/19.12.0/finagle-base-http_2.12-19.12.0.jar:/Users/lizibo/.m2/repository/org/scala-lang/modules/scala-collection-compat_2.12/2.1.2/scala-collection-compat_2.12-2.1.2.jar:/Users/lizibo/.m2/repository/io/netty/netty-codec-http/4.1.43.Final/netty-codec-http-4.1.43.Final.jar:/Users/lizibo/.m2/repository/io/netty/netty-handler-proxy/4.1.43.Final/netty-handler-proxy-4.1.43.Final.jar:/Users/lizibo/.m2/repository/io/netty/netty-codec-socks/4.1.43.Final/netty-codec-socks-4.1.43.Final.jar:/Users/lizibo/.m2/repository/com/twitter/finagle-netty4-http_2.12/19.12.0/finagle-netty4-http_2.12-19.12.0.jar:/Users/lizibo/.m2/repository/com/twitter/finagle-netty4_2.12/19.12.0/finagle-netty4_2.12-19.12.0.jar:/Users/lizibo/.m2/repository/com/twitter/util-stats_2.12/19.12.0/util-stats_2.12-19.12.0.jar:/Users/lizibo/.m2/repository/com/twitter/finagle-http2_2.12/19.12.0/finagle-http2_2.12-19.12.0.jar:/Users/lizibo/.m2/repository/io/netty/netty-codec-http2/4.1.43.Final/netty-codec-http2-4.1.43.Final.jar:/Users/lizibo/.m2/repository/com/twitter/util-cache_2.12/19.12.0/util-cache_2.12-19.12.0.jar:/Users/lizibo/.m2/repository/com/twitter/finagle-toggle_2.12/19.12.0/finagle-toggle_2.12-19.12.0.jar:/Users/lizibo/.m2/repository/com/fasterxml/jackson/core/jackson-core/2.9.10/jackson-core-2.9.10.jar:/Users/lizibo/.m2/repository/com/fasterxml/jackson/module/jackson-module-scala_2.12/2.9.10/jackson-module-scala_2.12-2.9.10.jar:/Users/lizibo/.m2/repository/com/fasterxml/jackson/module/jackson-module-paranamer/2.9.10/jackson-module-paranamer-2.9.10.jar:/Users/lizibo/.m2/repository/com/thoughtworks/paranamer/paranamer/2.8/paranamer-2.8.jar:/Users/lizibo/.m2/repository/com/twitter/util-codec_2.12/19.12.0/util-codec_2.12-19.12.0.jar:/Users/lizibo/.m2/repository/com/twitter/util-logging_2.12/19.12.0/util-logging_2.12-19.12.0.jar:/Users/lizibo/.m2/repository/io/netty/netty-tcnative-boringssl-static/2.0.26.Final/netty-tcnative-boringssl-static-2.0.26.Final.jar:/Users/lizibo/.m2/repository/org/mockito/mockito-core/3.2.4/mockito-core-3.2.4.jar:/Users/lizibo/.m2/repository/net/bytebuddy/byte-buddy/1.10.5/byte-buddy-1.10.5.jar:/Users/lizibo/.m2/repository/net/bytebuddy/byte-buddy-agent/1.10.5/byte-buddy-agent-1.10.5.jar:/Users/lizibo/.m2/repository/org/objenesis/objenesis/2.6/objenesis-2.6.jar:/Users/lizibo/.m2/repository/org/hamcrest/hamcrest-core/2.2/hamcrest-core-2.2.jar:/Users/lizibo/.m2/repository/org/hamcrest/hamcrest/2.2/hamcrest-2.2.jar:/Users/lizibo/.m2/repository/com/twitter/twitter-server_2.12/19.12.0/twitter-server_2.12-19.12.0.jar:/Users/lizibo/.m2/repository/com/twitter/finagle-core_2.12/19.12.0/finagle-core_2.12-19.12.0.jar:/Users/lizibo/.m2/repository/com/twitter/finagle-init_2.12/19.12.0/finagle-init_2.12-19.12.0.jar:/Users/lizibo/.m2/repository/com/twitter/util-hashing_2.12/19.12.0/util-hashing_2.12-19.12.0.jar:/Users/lizibo/.m2/repository/com/twitter/util-security_2.12/19.12.0/util-security_2.12-19.12.0.jar:/Users/lizibo/.m2/repository/com/github/ben-manes/caffeine/caffeine/2.8.0/caffeine-2.8.0.jar:/Users/lizibo/.m2/repository/org/hdrhistogram/HdrHistogram/2.1.11/HdrHistogram-2.1.11.jar:/Users/lizibo/.m2/repository/com/twitter/finagle-tunable_2.12/19.12.0/finagle-tunable_2.12-19.12.0.jar:/Users/lizibo/.m2/repository/com/twitter/util-app_2.12/19.12.0/util-app_2.12-19.12.0.jar:/Users/lizibo/.m2/repository/com/twitter/util-core_2.12/19.12.0/util-core_2.12-19.12.0.jar:/Users/lizibo/.m2/repository/com/twitter/util-function_2.12/19.12.0/util-function_2.12-19.12.0.jar:/Users/lizibo/.m2/repository/org/scala-lang/scala-reflect/2.12.8/scala-reflect-2.12.8.jar:/Users/lizibo/.m2/repository/org/scala-lang/modules/scala-parser-combinators_2.12/1.1.2/scala-parser-combinators_2.12-1.1.2.jar:/Users/lizibo/.m2/repository/com/twitter/util-jvm_2.12/19.12.0/util-jvm_2.12-19.12.0.jar:/Users/lizibo/.m2/repository/com/twitter/util-lint_2.12/19.12.0/util-lint_2.12-19.12.0.jar:/Users/lizibo/.m2/repository/com/twitter/util-registry_2.12/19.12.0/util-registry_2.12-19.12.0.jar:/Users/lizibo/.m2/repository/com/twitter/util-slf4j-api_2.12/19.12.0/util-slf4j-api_2.12-19.12.0.jar:/Users/lizibo/.m2/repository/com/twitter/util-slf4j-jul-bridge_2.12/19.12.0/util-slf4j-jul-bridge_2.12-19.12.0.jar:/Users/lizibo/.m2/repository/org/slf4j/jul-to-slf4j/1.7.21/jul-to-slf4j-1.7.21.jar:/Users/lizibo/.m2/repository/com/twitter/util-tunable_2.12/19.12.0/util-tunable_2.12-19.12.0.jar:/Users/lizibo/.m2/repository/com/fasterxml/jackson/core/jackson-databind/2.9.10.1/jackson-databind-2.9.10.1.jar:/Users/lizibo/.m2/repository/com/fasterxml/jackson/core/jackson-annotations/2.9.10/jackson-annotations-2.9.10.jar:/Users/lizibo/.m2/repository/org/asynchttpclient/async-http-client/2.10.4/async-http-client-2.10.4.jar:/Users/lizibo/.m2/repository/org/asynchttpclient/async-http-client-netty-utils/2.10.4/async-http-client-netty-utils-2.10.4.jar:/Users/lizibo/.m2/repository/io/netty/netty-transport-native-kqueue/4.1.42.Final/netty-transport-native-kqueue-4.1.42.Final-osx-x86_64.jar:/Users/lizibo/.m2/repository/io/netty/netty-resolver-dns/4.1.42.Final/netty-resolver-dns-4.1.42.Final.jar:/Users/lizibo/.m2/repository/io/netty/netty-codec-dns/4.1.42.Final/netty-codec-dns-4.1.42.Final.jar:/Users/lizibo/.m2/repository/org/reactivestreams/reactive-streams/1.0.2/reactive-streams-1.0.2.jar:/Users/lizibo/.m2/repository/com/typesafe/netty/netty-reactive-streams/2.0.3/netty-reactive-streams-2.0.3.jar:/Users/lizibo/.m2/repository/com/sun/activation/javax.activation/1.2.0/javax.activation-1.2.0.jar:/Users/lizibo/.m2/repository/org/scala-lang/scala-library/2.12.10/scala-library-2.12.10.jar:/Users/lizibo/.m2/repository/com/google/guava/guava/28.2-jre/guava-28.2-jre.jar:/Users/lizibo/.m2/repository/com/google/guava/failureaccess/1.0.1/failureaccess-1.0.1.jar:/Users/lizibo/.m2/repository/com/google/guava/listenablefuture/9999.0-empty-to-avoid-conflict-with-guava/listenablefuture-9999.0-empty-to-avoid-conflict-with-guava.jar:/Users/lizibo/.m2/repository/com/google/code/findbugs/jsr305/3.0.2/jsr305-3.0.2.jar:/Users/lizibo/.m2/repository/org/checkerframework/checker-qual/2.10.0/checker-qual-2.10.0.jar:/Users/lizibo/.m2/repository/com/google/errorprone/error_prone_annotations/2.3.4/error_prone_annotations-2.3.4.jar:/Users/lizibo/.m2/repository/com/google/j2objc/j2objc-annotations/1.3/j2objc-annotations-1.3.jar:/Users/lizibo/.m2/repository/com/thoughtworks/qdox/qdox/2.0.0/qdox-2.0.0.jar:/Users/lizibo/.m2/repository/org/apache/zookeeper/zookeeper/3.5.7/zookeeper-3.5.7.jar:/Users/lizibo/.m2/repository/org/apache/zookeeper/zookeeper-jute/3.5.7/zookeeper-jute-3.5.7.jar:/Users/lizibo/.m2/repository/org/apache/yetus/audience-annotations/0.5.0/audience-annotations-0.5.0.jar:/Users/lizibo/.m2/repository/io/netty/netty-handler/4.1.45.Final/netty-handler-4.1.45.Final.jar:/Users/lizibo/.m2/repository/io/netty/netty-common/4.1.45.Final/netty-common-4.1.45.Final.jar:/Users/lizibo/.m2/repository/io/netty/netty-buffer/4.1.45.Final/netty-buffer-4.1.45.Final.jar:/Users/lizibo/.m2/repository/io/netty/netty-transport/4.1.45.Final/netty-transport-4.1.45.Final.jar:/Users/lizibo/.m2/repository/io/netty/netty-resolver/4.1.45.Final/netty-resolver-4.1.45.Final.jar:/Users/lizibo/.m2/repository/io/netty/netty-codec/4.1.45.Final/netty-codec-4.1.45.Final.jar:/Users/lizibo/.m2/repository/io/netty/netty-transport-native-epoll/4.1.45.Final/netty-transport-native-epoll-4.1.45.Final.jar:/Users/lizibo/.m2/repository/io/netty/netty-transport-native-unix-common/4.1.45.Final/netty-transport-native-unix-common-4.1.45.Final.jar:/Users/lizibo/.m2/repository/org/slf4j/slf4j-api/1.7.25/slf4j-api-1.7.25.jar:/Users/lizibo/.m2/repository/org/slf4j/slf4j-log4j12/1.7.25/slf4j-log4j12-1.7.25.jar:/Users/lizibo/.m2/repository/log4j/log4j/1.2.17/log4j-1.2.17.jar:/Users/lizibo/.m2/repository/org/apache/curator/curator-framework/4.3.0/curator-framework-4.3.0.jar:/Users/lizibo/.m2/repository/org/apache/curator/curator-client/4.3.0/curator-client-4.3.0.jar:/Users/lizibo/.m2/repository/org/apache/curator/curator-recipes/4.3.0/curator-recipes-4.3.0.jar:/Users/lizibo/.m2/repository/redis/clients/jedis/3.2.0/jedis-3.2.0.jar:/Users/lizibo/.m2/repository/org/apache/commons/commons-pool2/2.6.2/commons-pool2-2.6.2.jar:/Users/lizibo/.m2/repository/org/quartz-scheduler/quartz/2.3.1/quartz-2.3.1.jar:/Users/lizibo/.m2/repository/com/mchange/c3p0/0.9.5.3/c3p0-0.9.5.3.jar:/Users/lizibo/.m2/repository/com/mchange/mchange-commons-java/0.2.15/mchange-commons-java-0.2.15.jar:/Users/lizibo/.m2/repository/com/zaxxer/HikariCP-java7/2.4.13/HikariCP-java7-2.4.13.jar:/Users/lizibo/.m2/repository/com/github/rholder/guava-retrying/2.0.0/guava-retrying-2.0.0.jar:/Users/lizibo/.m2/repository/com/alibaba/druid/1.1.21/druid-1.1.21.jar:/Users/lizibo/.m2/repository/mysql/mysql-connector-java/8.0.20/mysql-connector-java-8.0.20.jar:/Applications/IntelliJ IDEA CE.app/Contents/lib/idea_rt.jar 
2020-06-24 15:08:10,303 [                   Environment] [109]   INFO - Client environment:java.library.path=/Users/lizibo/Library/Java/Extensions:/Library/Java/Extensions:/Network/Library/Java/Extensions:/System/Library/Java/Extensions:/usr/lib/java:. 
2020-06-24 15:08:10,303 [                   Environment] [109]   INFO - Client environment:java.io.tmpdir=/var/folders/7q/zq7wm4j92ln65j6rgwfyny3wyzywzk/T/ 
2020-06-24 15:08:10,303 [                   Environment] [109]   INFO - Client environment:java.compiler=<NA> 
2020-06-24 15:08:10,303 [                   Environment] [109]   INFO - Client environment:os.name=Mac OS X 
2020-06-24 15:08:10,303 [                   Environment] [109]   INFO - Client environment:os.arch=x86_64 
2020-06-24 15:08:10,303 [                   Environment] [109]   INFO - Client environment:os.version=10.13.6 
2020-06-24 15:08:10,304 [                   Environment] [109]   INFO - Client environment:user.name=lizibo 
2020-06-24 15:08:10,304 [                   Environment] [109]   INFO - Client environment:user.home=/Users/lizibo 
2020-06-24 15:08:10,304 [                   Environment] [109]   INFO - Client environment:user.dir=/Users/lizibo/IdeaProjects/learn 
2020-06-24 15:08:10,304 [                   Environment] [109]   INFO - Client environment:os.memory.free=181MB 
2020-06-24 15:08:10,306 [                   Environment] [109]   INFO - Client environment:os.memory.max=3641MB 
2020-06-24 15:08:10,306 [                   Environment] [109]   INFO - Client environment:os.memory.total=245MB 
2020-06-24 15:08:10,316 [                 Compatibility] [ 61]   INFO - Using emulated InjectSessionExpiration 
2020-06-24 15:08:10,433 [          CuratorFrameworkImpl] [308]   INFO - Starting 
2020-06-24 15:08:10,433 [          CuratorFrameworkImpl] [308]   INFO - Starting 
2020-06-24 15:08:10,433 [          CuratorFrameworkImpl] [308]   INFO - Starting 
2020-06-24 15:08:10,434 [          CuratorFrameworkImpl] [308]   INFO - Starting 
2020-06-24 15:08:10,434 [          CuratorFrameworkImpl] [308]   INFO - Starting 
2020-06-24 15:08:10,437 [        CuratorZookeeperClient] [230]  DEBUG - Starting 
2020-06-24 15:08:10,437 [        CuratorZookeeperClient] [230]  DEBUG - Starting 
2020-06-24 15:08:10,437 [               ConnectionState] [109]  DEBUG - Starting 
2020-06-24 15:08:10,437 [        CuratorZookeeperClient] [230]  DEBUG - Starting 
2020-06-24 15:08:10,438 [               ConnectionState] [109]  DEBUG - Starting 
2020-06-24 15:08:10,438 [               ConnectionState] [197]  DEBUG - reset 
2020-06-24 15:08:10,437 [        CuratorZookeeperClient] [230]  DEBUG - Starting 
2020-06-24 15:08:10,438 [               ConnectionState] [109]  DEBUG - Starting 
2020-06-24 15:08:10,438 [               ConnectionState] [197]  DEBUG - reset 
2020-06-24 15:08:10,437 [        CuratorZookeeperClient] [230]  DEBUG - Starting 
2020-06-24 15:08:10,439 [               ConnectionState] [109]  DEBUG - Starting 
2020-06-24 15:08:10,438 [               ConnectionState] [197]  DEBUG - reset 
2020-06-24 15:08:10,437 [               ConnectionState] [109]  DEBUG - Starting 
2020-06-24 15:08:10,439 [               ConnectionState] [197]  DEBUG - reset 
2020-06-24 15:08:10,439 [               ConnectionState] [197]  DEBUG - reset 
2020-06-24 15:08:10,444 [                     ZooKeeper] [868]   INFO - Initiating client connection, connectString=halibobo.cn:2181 sessionTimeout=5000 watcher=org.apache.curator.ConnectionState@1061ace6 
2020-06-24 15:08:10,444 [                     ZooKeeper] [868]   INFO - Initiating client connection, connectString=halibobo.cn:2181 sessionTimeout=5000 watcher=org.apache.curator.ConnectionState@58ee1303 
2020-06-24 15:08:10,445 [                     ZooKeeper] [868]   INFO - Initiating client connection, connectString=halibobo.cn:2181 sessionTimeout=5000 watcher=org.apache.curator.ConnectionState@154cd330 
2020-06-24 15:08:10,445 [                     ZooKeeper] [868]   INFO - Initiating client connection, connectString=halibobo.cn:2181 sessionTimeout=5000 watcher=org.apache.curator.ConnectionState@30e5a6b4 
2020-06-24 15:08:10,445 [                     ZooKeeper] [868]   INFO - Initiating client connection, connectString=halibobo.cn:2181 sessionTimeout=5000 watcher=org.apache.curator.ConnectionState@7e896ff9 
2020-06-24 15:08:10,458 [                      X509Util] [ 79]   INFO - Setting -D jdk.tls.rejectClientInitiatedRenegotiation=true to disable client-initiated TLS renegotiation 
2020-06-24 15:08:10,490 [              ClientCnxnSocket] [237]   INFO - jute.maxbuffer value is 4194304 Bytes 
2020-06-24 15:08:10,491 [              ClientCnxnSocket] [237]   INFO - jute.maxbuffer value is 4194304 Bytes 
2020-06-24 15:08:10,492 [              ClientCnxnSocket] [237]   INFO - jute.maxbuffer value is 4194304 Bytes 
2020-06-24 15:08:10,493 [              ClientCnxnSocket] [237]   INFO - jute.maxbuffer value is 4194304 Bytes 
2020-06-24 15:08:10,494 [              ClientCnxnSocket] [237]   INFO - jute.maxbuffer value is 4194304 Bytes 
2020-06-24 15:08:10,506 [                    ClientCnxn] [1653]   INFO - zookeeper.request.timeout value is 0. feature enabled= 
2020-06-24 15:08:10,507 [                    ClientCnxn] [1653]   INFO - zookeeper.request.timeout value is 0. feature enabled= 
2020-06-24 15:08:10,506 [                    ClientCnxn] [1653]   INFO - zookeeper.request.timeout value is 0. feature enabled= 
2020-06-24 15:08:10,506 [                    ClientCnxn] [1653]   INFO - zookeeper.request.timeout value is 0. feature enabled= 
2020-06-24 15:08:10,506 [                    ClientCnxn] [1653]   INFO - zookeeper.request.timeout value is 0. feature enabled= 
2020-06-24 15:08:10,530 [          CuratorFrameworkImpl] [356]   INFO - Default schema 
2020-06-24 15:08:10,530 [          CuratorFrameworkImpl] [356]   INFO - Default schema 
2020-06-24 15:08:10,530 [          CuratorFrameworkImpl] [356]   INFO - Default schema 
2020-06-24 15:08:10,530 [          CuratorFrameworkImpl] [356]   INFO - Default schema 
2020-06-24 15:08:10,530 [          CuratorFrameworkImpl] [356]   INFO - Default schema 
2020-06-24 15:08:11,446 [           SaslServerPrincipal] [ 80]  DEBUG - Canonicalized address to halibobo.cn 
2020-06-24 15:08:11,446 [           SaslServerPrincipal] [ 80]  DEBUG - Canonicalized address to halibobo.cn 
2020-06-24 15:08:11,446 [           SaslServerPrincipal] [ 80]  DEBUG - Canonicalized address to halibobo.cn 
2020-06-24 15:08:11,446 [           SaslServerPrincipal] [ 80]  DEBUG - Canonicalized address to halibobo.cn 
2020-06-24 15:08:11,446 [           SaslServerPrincipal] [ 80]  DEBUG - Canonicalized address to halibobo.cn 
2020-06-24 15:08:11,448 [         ClientCnxn$SendThread] [1112]   INFO - Opening socket connection to server halibobo.cn/182.92.98.63:2181. Will not attempt to authenticate using SASL (unknown error) 
2020-06-24 15:08:11,448 [         ClientCnxn$SendThread] [1112]   INFO - Opening socket connection to server halibobo.cn/182.92.98.63:2181. Will not attempt to authenticate using SASL (unknown error) 
2020-06-24 15:08:11,448 [         ClientCnxn$SendThread] [1112]   INFO - Opening socket connection to server halibobo.cn/182.92.98.63:2181. Will not attempt to authenticate using SASL (unknown error) 
2020-06-24 15:08:11,448 [         ClientCnxn$SendThread] [1112]   INFO - Opening socket connection to server halibobo.cn/182.92.98.63:2181. Will not attempt to authenticate using SASL (unknown error) 
2020-06-24 15:08:11,448 [         ClientCnxn$SendThread] [1112]   INFO - Opening socket connection to server halibobo.cn/182.92.98.63:2181. Will not attempt to authenticate using SASL (unknown error) 
2020-06-24 15:08:11,525 [         ClientCnxn$SendThread] [959]   INFO - Socket connection established, initiating session, client: /10.12.141.177:55265, server: halibobo.cn/182.92.98.63:2181 
2020-06-24 15:08:11,525 [         ClientCnxn$SendThread] [959]   INFO - Socket connection established, initiating session, client: /10.12.141.177:55267, server: halibobo.cn/182.92.98.63:2181 
2020-06-24 15:08:11,526 [         ClientCnxn$SendThread] [959]   INFO - Socket connection established, initiating session, client: /10.12.141.177:55266, server: halibobo.cn/182.92.98.63:2181 
2020-06-24 15:08:11,527 [         ClientCnxn$SendThread] [959]   INFO - Socket connection established, initiating session, client: /10.12.141.177:55264, server: halibobo.cn/182.92.98.63:2181 
2020-06-24 15:08:11,528 [         ClientCnxn$SendThread] [959]   INFO - Socket connection established, initiating session, client: /10.12.141.177:55263, server: halibobo.cn/182.92.98.63:2181 
2020-06-24 15:08:11,528 [         ClientCnxn$SendThread] [1027]  DEBUG - Session establishment request sent on halibobo.cn/182.92.98.63:2181 
2020-06-24 15:08:11,528 [         ClientCnxn$SendThread] [1027]  DEBUG - Session establishment request sent on halibobo.cn/182.92.98.63:2181 
2020-06-24 15:08:11,528 [         ClientCnxn$SendThread] [1027]  DEBUG - Session establishment request sent on halibobo.cn/182.92.98.63:2181 
2020-06-24 15:08:11,528 [         ClientCnxn$SendThread] [1027]  DEBUG - Session establishment request sent on halibobo.cn/182.92.98.63:2181 
2020-06-24 15:08:11,528 [         ClientCnxn$SendThread] [1027]  DEBUG - Session establishment request sent on halibobo.cn/182.92.98.63:2181 
2020-06-24 15:08:11,560 [         ClientCnxn$SendThread] [1394]   INFO - Session establishment complete on server halibobo.cn/182.92.98.63:2181, sessionid = 0x10360f475270295, negotiated timeout = 5000 
2020-06-24 15:08:11,560 [         ClientCnxn$SendThread] [1394]   INFO - Session establishment complete on server halibobo.cn/182.92.98.63:2181, sessionid = 0x10360f475270296, negotiated timeout = 5000 
2020-06-24 15:08:11,560 [         ClientCnxn$SendThread] [1394]   INFO - Session establishment complete on server halibobo.cn/182.92.98.63:2181, sessionid = 0x10360f475270292, negotiated timeout = 5000 
2020-06-24 15:08:11,560 [         ClientCnxn$SendThread] [1394]   INFO - Session establishment complete on server halibobo.cn/182.92.98.63:2181, sessionid = 0x10360f475270293, negotiated timeout = 5000 
2020-06-24 15:08:11,560 [         ClientCnxn$SendThread] [1394]   INFO - Session establishment complete on server halibobo.cn/182.92.98.63:2181, sessionid = 0x10360f475270294, negotiated timeout = 5000 
2020-06-24 15:08:11,564 [               ConnectionState] [177]  DEBUG - Negotiated session timeout: 5000 
2020-06-24 15:08:11,564 [               ConnectionState] [177]  DEBUG - Negotiated session timeout: 5000 
2020-06-24 15:08:11,564 [               ConnectionState] [177]  DEBUG - Negotiated session timeout: 5000 
2020-06-24 15:08:11,564 [               ConnectionState] [177]  DEBUG - Negotiated session timeout: 5000 
2020-06-24 15:08:11,564 [               ConnectionState] [177]  DEBUG - Negotiated session timeout: 5000 
2020-06-24 15:08:11,571 [        ConnectionStateManager] [251]   INFO - State change: CONNECTED 
2020-06-24 15:08:11,571 [        ConnectionStateManager] [251]   INFO - State change: CONNECTED 
2020-06-24 15:08:11,571 [        ConnectionStateManager] [251]   INFO - State change: CONNECTED 
2020-06-24 15:08:11,571 [        ConnectionStateManager] [251]   INFO - State change: CONNECTED 
2020-06-24 15:08:11,571 [        ConnectionStateManager] [251]   INFO - State change: CONNECTED 
2020-06-24 15:08:11,572 [          CuratorFrameworkImpl] [1022]  DEBUG - Clearing sleep for 2 operations 
2020-06-24 15:08:11,571 [          CuratorFrameworkImpl] [1022]  DEBUG - Clearing sleep for 2 operations 
2020-06-24 15:08:11,571 [          CuratorFrameworkImpl] [1022]  DEBUG - Clearing sleep for 2 operations 
2020-06-24 15:08:11,571 [          CuratorFrameworkImpl] [1022]  DEBUG - Clearing sleep for 2 operations 
2020-06-24 15:08:11,571 [          CuratorFrameworkImpl] [1022]  DEBUG - Clearing sleep for 2 operations 
2020-06-24 15:08:11,608 [         ClientCnxn$SendThread] [923]  DEBUG - Reading reply sessionid:0x10360f475270292, packet:: clientPath:/zookeeper/config serverPath:/zookeeper/config finished:false header:: 1,4  replyHeader:: 1,8100,0  request:: '/zookeeper/config,T  response:: ,s{0,0,0,0,0,0,-1,0,0,0,0}  
2020-06-24 15:08:11,608 [         ClientCnxn$SendThread] [923]  DEBUG - Reading reply sessionid:0x10360f475270293, packet:: clientPath:/zookeeper/config serverPath:/zookeeper/config finished:false header:: 1,4  replyHeader:: 1,8100,0  request:: '/zookeeper/config,T  response:: ,s{0,0,0,0,0,0,-1,0,0,0,0}  
2020-06-24 15:08:11,608 [         ClientCnxn$SendThread] [923]  DEBUG - Reading reply sessionid:0x10360f475270295, packet:: clientPath:/zookeeper/config serverPath:/zookeeper/config finished:false header:: 1,4  replyHeader:: 1,8100,0  request:: '/zookeeper/config,T  response:: ,s{0,0,0,0,0,0,-1,0,0,0,0}  
2020-06-24 15:08:11,608 [         ClientCnxn$SendThread] [923]  DEBUG - Reading reply sessionid:0x10360f475270296, packet:: clientPath:/zookeeper/config serverPath:/zookeeper/config finished:false header:: 1,4  replyHeader:: 1,8100,0  request:: '/zookeeper/config,T  response:: ,s{0,0,0,0,0,0,-1,0,0,0,0}  
2020-06-24 15:08:11,608 [         ClientCnxn$SendThread] [923]  DEBUG - Reading reply sessionid:0x10360f475270294, packet:: clientPath:/zookeeper/config serverPath:/zookeeper/config finished:false header:: 1,4  replyHeader:: 1,8100,0  request:: '/zookeeper/config,T  response:: ,s{0,0,0,0,0,0,-1,0,0,0,0}  
2020-06-24 15:08:11,611 [         ClientCnxn$SendThread] [923]  DEBUG - Reading reply sessionid:0x10360f475270293, packet:: clientPath:/zookeeper/config serverPath:/zookeeper/config finished:false header:: 2,4  replyHeader:: 2,8100,0  request:: '/zookeeper/config,T  response:: ,s{0,0,0,0,0,0,-1,0,0,0,0}  
2020-06-24 15:08:11,611 [         ClientCnxn$SendThread] [923]  DEBUG - Reading reply sessionid:0x10360f475270292, packet:: clientPath:/zookeeper/config serverPath:/zookeeper/config finished:false header:: 2,4  replyHeader:: 2,8100,0  request:: '/zookeeper/config,T  response:: ,s{0,0,0,0,0,0,-1,0,0,0,0}  
2020-06-24 15:08:11,611 [         ClientCnxn$SendThread] [923]  DEBUG - Reading reply sessionid:0x10360f475270295, packet:: clientPath:/zookeeper/config serverPath:/zookeeper/config finished:false header:: 2,4  replyHeader:: 2,8100,0  request:: '/zookeeper/config,T  response:: ,s{0,0,0,0,0,0,-1,0,0,0,0}  
2020-06-24 15:08:11,611 [         ClientCnxn$SendThread] [923]  DEBUG - Reading reply sessionid:0x10360f475270294, packet:: clientPath:/zookeeper/config serverPath:/zookeeper/config finished:false header:: 2,4  replyHeader:: 2,8100,0  request:: '/zookeeper/config,T  response:: ,s{0,0,0,0,0,0,-1,0,0,0,0}  
2020-06-24 15:08:11,611 [         ClientCnxn$SendThread] [923]  DEBUG - Reading reply sessionid:0x10360f475270296, packet:: clientPath:/zookeeper/config serverPath:/zookeeper/config finished:false header:: 2,4  replyHeader:: 2,8100,0  request:: '/zookeeper/config,T  response:: ,s{0,0,0,0,0,0,-1,0,0,0,0}  
2020-06-24 15:08:11,613 [               EnsembleTracker] [201]   INFO - New config event received: {} 
2020-06-24 15:08:11,613 [               EnsembleTracker] [219]  DEBUG - Ignoring new config as it is empty 
2020-06-24 15:08:11,613 [               EnsembleTracker] [201]   INFO - New config event received: {} 
2020-06-24 15:08:11,613 [               EnsembleTracker] [201]   INFO - New config event received: {} 
2020-06-24 15:08:11,613 [               EnsembleTracker] [201]   INFO - New config event received: {} 
2020-06-24 15:08:11,613 [               EnsembleTracker] [201]   INFO - New config event received: {} 
2020-06-24 15:08:11,614 [               EnsembleTracker] [219]  DEBUG - Ignoring new config as it is empty 
2020-06-24 15:08:11,614 [               EnsembleTracker] [219]  DEBUG - Ignoring new config as it is empty 
2020-06-24 15:08:11,614 [               EnsembleTracker] [219]  DEBUG - Ignoring new config as it is empty 
2020-06-24 15:08:11,613 [               EnsembleTracker] [201]   INFO - New config event received: {} 
2020-06-24 15:08:11,615 [               EnsembleTracker] [219]  DEBUG - Ignoring new config as it is empty 
2020-06-24 15:08:11,614 [               EnsembleTracker] [201]   INFO - New config event received: {} 
2020-06-24 15:08:11,615 [               EnsembleTracker] [219]  DEBUG - Ignoring new config as it is empty 
2020-06-24 15:08:11,614 [               EnsembleTracker] [201]   INFO - New config event received: {} 
2020-06-24 15:08:11,615 [               EnsembleTracker] [219]  DEBUG - Ignoring new config as it is empty 
2020-06-24 15:08:11,614 [               EnsembleTracker] [201]   INFO - New config event received: {} 
2020-06-24 15:08:11,615 [               EnsembleTracker] [219]  DEBUG - Ignoring new config as it is empty 
2020-06-24 15:08:11,614 [               EnsembleTracker] [219]  DEBUG - Ignoring new config as it is empty 
2020-06-24 15:08:11,616 [               EnsembleTracker] [201]   INFO - New config event received: {} 
2020-06-24 15:08:11,616 [               EnsembleTracker] [219]  DEBUG - Ignoring new config as it is empty 
2020-06-24 15:08:11,903 [         ClientCnxn$SendThread] [923]  DEBUG - Reading reply sessionid:0x10360f475270296, packet:: clientPath:null serverPath:null finished:false header:: 3,3  replyHeader:: 3,8100,-101  request:: '/halibobo/curator/barrier/ready,T  response::   
2020-06-24 15:08:11,943 [         ClientCnxn$SendThread] [923]  DEBUG - Reading reply sessionid:0x10360f475270296, packet:: clientPath:null serverPath:null finished:false header:: 4,15  replyHeader:: 4,8101,-101  request:: '/halibobo/curator/barrier/a3e23523-f573-4e6c-bea7-5f813827ee38,#31302e31322e3134312e313737,v{s{31,s{'world,'anyone}}},1  response::   
2020-06-24 15:08:11,943 [         ClientCnxn$SendThread] [923]  DEBUG - Reading reply sessionid:0x10360f475270294, packet:: clientPath:null serverPath:null finished:false header:: 3,3  replyHeader:: 3,8101,-101  request:: '/halibobo/curator/barrier/ready,T  response::   
2020-06-24 15:08:11,964 [         ClientCnxn$SendThread] [923]  DEBUG - Reading reply sessionid:0x10360f475270294, packet:: clientPath:null serverPath:null finished:false header:: 4,15  replyHeader:: 4,8102,-101  request:: '/halibobo/curator/barrier/acda56ab-0d83-4275-86a3-05fdd6771767,#31302e31322e3134312e313737,v{s{31,s{'world,'anyone}}},1  response::   
2020-06-24 15:08:11,967 [         ClientCnxn$SendThread] [923]  DEBUG - Reading reply sessionid:0x10360f475270296, packet:: clientPath:null serverPath:null finished:false header:: 5,3  replyHeader:: 5,8102,0  request:: '/halibobo,F  response:: s{127,1980,1590587448836,1591364615931,99,687,0,0,8,3,2235}  
2020-06-24 15:08:11,985 [         ClientCnxn$SendThread] [923]  DEBUG - Reading reply sessionid:0x10360f475270296, packet:: clientPath:null serverPath:null finished:false header:: 6,3  replyHeader:: 6,8102,0  request:: '/halibobo/curator,F  response:: s{2235,2235,1591674548116,1591674548116,0,4811,0,0,7,1,8092}  
2020-06-24 15:08:11,985 [         ClientCnxn$SendThread] [923]  DEBUG - Reading reply sessionid:0x10360f475270294, packet:: clientPath:null serverPath:null finished:false header:: 5,3  replyHeader:: 5,8102,0  request:: '/halibobo,F  response:: s{127,1980,1590587448836,1591364615931,99,687,0,0,8,3,2235}  
2020-06-24 15:08:12,003 [         ClientCnxn$SendThread] [923]  DEBUG - Reading reply sessionid:0x10360f475270296, packet:: clientPath:null serverPath:null finished:false header:: 7,3  replyHeader:: 7,8102,-101  request:: '/halibobo/curator/barrier,F  response::   
2020-06-24 15:08:12,003 [         ClientCnxn$SendThread] [923]  DEBUG - Reading reply sessionid:0x10360f475270294, packet:: clientPath:null serverPath:null finished:false header:: 6,3  replyHeader:: 6,8102,0  request:: '/halibobo/curator,F  response:: s{2235,2235,1591674548116,1591674548116,0,4811,0,0,7,1,8092}  
2020-06-24 15:08:12,022 [         ClientCnxn$SendThread] [923]  DEBUG - Reading reply sessionid:0x10360f475270294, packet:: clientPath:null serverPath:null finished:false header:: 7,3  replyHeader:: 7,8102,-101  request:: '/halibobo/curator/barrier,F  response::   
2020-06-24 15:08:12,023 [         ClientCnxn$SendThread] [923]  DEBUG - Reading reply sessionid:0x10360f475270296, packet:: clientPath:null serverPath:null finished:false header:: 8,19  replyHeader:: 8,8103,0  request:: '/halibobo/curator/barrier,,v{s{31,s{'world,'anyone}}},4  response:: '/halibobo/curator/barrier  
2020-06-24 15:08:12,044 [         ClientCnxn$SendThread] [923]  DEBUG - Reading reply sessionid:0x10360f475270294, packet:: clientPath:null serverPath:null finished:false header:: 8,19  replyHeader:: 8,8105,-110  request:: '/halibobo/curator/barrier,,v{s{31,s{'world,'anyone}}},4  response::   
2020-06-24 15:08:12,044 [         ClientCnxn$SendThread] [923]  DEBUG - Reading reply sessionid:0x10360f475270296, packet:: clientPath:null serverPath:null finished:false header:: 9,15  replyHeader:: 9,8104,0  request:: '/halibobo/curator/barrier/a3e23523-f573-4e6c-bea7-5f813827ee38,#31302e31322e3134312e313737,v{s{31,s{'world,'anyone}}},1  response:: '/halibobo/curator/barrier/a3e23523-f573-4e6c-bea7-5f813827ee38,s{8104,8104,1592982492031,1592982492031,0,0,0,73008622021837462,13,0,8104}  
2020-06-24 15:08:12,064 [         ClientCnxn$SendThread] [923]  DEBUG - Reading reply sessionid:0x10360f475270294, packet:: clientPath:null serverPath:null finished:false header:: 9,15  replyHeader:: 9,8106,0  request:: '/halibobo/curator/barrier/acda56ab-0d83-4275-86a3-05fdd6771767,#31302e31322e3134312e313737,v{s{31,s{'world,'anyone}}},1  response:: '/halibobo/curator/barrier/acda56ab-0d83-4275-86a3-05fdd6771767,s{8106,8106,1592982492054,1592982492054,0,0,0,73008622021837460,13,0,8106}  
2020-06-24 15:08:12,066 [         ClientCnxn$SendThread] [923]  DEBUG - Reading reply sessionid:0x10360f475270296, packet:: clientPath:null serverPath:null finished:false header:: 10,12  replyHeader:: 10,8106,0  request:: '/halibobo/curator/barrier,F  response:: v{'a3e23523-f573-4e6c-bea7-5f813827ee38,'acda56ab-0d83-4275-86a3-05fdd6771767},s{8103,8103,1592982492013,1592982492013,0,2,0,0,0,2,8106}  
2020-06-24 15:08:12,084 [         ClientCnxn$SendThread] [923]  DEBUG - Reading reply sessionid:0x10360f475270294, packet:: clientPath:null serverPath:null finished:false header:: 10,12  replyHeader:: 10,8106,0  request:: '/halibobo/curator/barrier,F  response:: v{'a3e23523-f573-4e6c-bea7-5f813827ee38,'acda56ab-0d83-4275-86a3-05fdd6771767},s{8103,8103,1592982492013,1592982492013,0,2,0,0,0,2,8106}  
2020-06-24 15:08:12,460 [         ClientCnxn$SendThread] [923]  DEBUG - Reading reply sessionid:0x10360f475270295, packet:: clientPath:null serverPath:null finished:false header:: 3,3  replyHeader:: 3,8106,-101  request:: '/halibobo/curator/barrier/ready,T  response::   
2020-06-24 15:08:12,482 [         ClientCnxn$SendThread] [923]  DEBUG - Reading reply sessionid:0x10360f475270295, packet:: clientPath:null serverPath:null finished:false header:: 4,15  replyHeader:: 4,8107,0  request:: '/halibobo/curator/barrier/8ef6b3a8-195b-44d2-9e86-ec25d2b4293f,#31302e31322e3134312e313737,v{s{31,s{'world,'anyone}}},1  response:: '/halibobo/curator/barrier/8ef6b3a8-195b-44d2-9e86-ec25d2b4293f,s{8107,8107,1592982492470,1592982492470,0,0,0,73008622021837461,13,0,8107}  
2020-06-24 15:08:12,506 [         ClientCnxn$SendThread] [923]  DEBUG - Reading reply sessionid:0x10360f475270295, packet:: clientPath:null serverPath:null finished:false header:: 5,12  replyHeader:: 5,8107,0  request:: '/halibobo/curator/barrier,F  response:: v{'a3e23523-f573-4e6c-bea7-5f813827ee38,'8ef6b3a8-195b-44d2-9e86-ec25d2b4293f,'acda56ab-0d83-4275-86a3-05fdd6771767},s{8103,8103,1592982492013,1592982492013,0,3,0,0,0,3,8107}  
2020-06-24 15:08:12,558 [         ClientCnxn$SendThread] [923]  DEBUG - Reading reply sessionid:0x10360f475270293, packet:: clientPath:null serverPath:null finished:false header:: 3,3  replyHeader:: 3,8107,-101  request:: '/halibobo/curator/barrier/ready,T  response::   
2020-06-24 15:08:12,582 [         ClientCnxn$SendThread] [923]  DEBUG - Reading reply sessionid:0x10360f475270292, packet:: clientPath:null serverPath:null finished:false header:: 3,3  replyHeader:: 3,8108,-101  request:: '/halibobo/curator/barrier/ready,T  response::   
2020-06-24 15:08:12,582 [         ClientCnxn$SendThread] [923]  DEBUG - Reading reply sessionid:0x10360f475270293, packet:: clientPath:null serverPath:null finished:false header:: 4,15  replyHeader:: 4,8108,0  request:: '/halibobo/curator/barrier/ba501446-e58e-44f3-89a6-9c52b1211510,#31302e31322e3134312e313737,v{s{31,s{'world,'anyone}}},1  response:: '/halibobo/curator/barrier/ba501446-e58e-44f3-89a6-9c52b1211510,s{8108,8108,1592982492569,1592982492569,0,0,0,73008622021837459,13,0,8108}  
2020-06-24 15:08:12,601 [         ClientCnxn$SendThread] [923]  DEBUG - Reading reply sessionid:0x10360f475270293, packet:: clientPath:null serverPath:null finished:false header:: 5,12  replyHeader:: 5,8108,0  request:: '/halibobo/curator/barrier,F  response:: v{'ba501446-e58e-44f3-89a6-9c52b1211510,'a3e23523-f573-4e6c-bea7-5f813827ee38,'8ef6b3a8-195b-44d2-9e86-ec25d2b4293f,'acda56ab-0d83-4275-86a3-05fdd6771767},s{8103,8103,1592982492013,1592982492013,0,4,0,0,0,4,8108}  
2020-06-24 15:08:12,602 [         ClientCnxn$SendThread] [923]  DEBUG - Reading reply sessionid:0x10360f475270292, packet:: clientPath:null serverPath:null finished:false header:: 4,15  replyHeader:: 4,8109,0  request:: '/halibobo/curator/barrier/6ca360a1-f7ad-4454-a9e1-1256417f1d3a,#31302e31322e3134312e313737,v{s{31,s{'world,'anyone}}},1  response:: '/halibobo/curator/barrier/6ca360a1-f7ad-4454-a9e1-1256417f1d3a,s{8109,8109,1592982492593,1592982492593,0,0,0,73008622021837458,13,0,8109}  
2020-06-24 15:08:12,620 [         ClientCnxn$SendThread] [923]  DEBUG - Reading reply sessionid:0x10360f475270292, packet:: clientPath:null serverPath:null finished:false header:: 5,12  replyHeader:: 5,8109,0  request:: '/halibobo/curator/barrier,F  response:: v{'ba501446-e58e-44f3-89a6-9c52b1211510,'a3e23523-f573-4e6c-bea7-5f813827ee38,'8ef6b3a8-195b-44d2-9e86-ec25d2b4293f,'6ca360a1-f7ad-4454-a9e1-1256417f1d3a,'acda56ab-0d83-4275-86a3-05fdd6771767},s{8103,8103,1592982492013,1592982492013,0,5,0,0,0,5,8109}  
2020-06-24 15:08:12,641 [         ClientCnxn$SendThread] [846]  DEBUG - Got notification sessionid:0x10360f475270292 
2020-06-24 15:08:12,641 [         ClientCnxn$SendThread] [846]  DEBUG - Got notification sessionid:0x10360f475270294 
2020-06-24 15:08:12,641 [         ClientCnxn$SendThread] [846]  DEBUG - Got notification sessionid:0x10360f475270295 
2020-06-24 15:08:12,641 [         ClientCnxn$SendThread] [846]  DEBUG - Got notification sessionid:0x10360f475270296 
2020-06-24 15:08:12,642 [         ClientCnxn$SendThread] [868]  DEBUG - Got WatchedEvent state:SyncConnected type:NodeCreated path:/halibobo/curator/barrier/ready for sessionid 0x10360f475270294 
2020-06-24 15:08:12,642 [         ClientCnxn$SendThread] [868]  DEBUG - Got WatchedEvent state:SyncConnected type:NodeCreated path:/halibobo/curator/barrier/ready for sessionid 0x10360f475270292 
2020-06-24 15:08:12,642 [         ClientCnxn$SendThread] [868]  DEBUG - Got WatchedEvent state:SyncConnected type:NodeCreated path:/halibobo/curator/barrier/ready for sessionid 0x10360f475270296 
2020-06-24 15:08:12,642 [         ClientCnxn$SendThread] [868]  DEBUG - Got WatchedEvent state:SyncConnected type:NodeCreated path:/halibobo/curator/barrier/ready for sessionid 0x10360f475270295 
2020-06-24 15:08:12,643 [         ClientCnxn$SendThread] [923]  DEBUG - Reading reply sessionid:0x10360f475270292, packet:: clientPath:null serverPath:null finished:false header:: 6,15  replyHeader:: 6,8110,0  request:: '/halibobo/curator/barrier/ready,#31302e31322e3134312e313737,v{s{31,s{'world,'anyone}}},0  response:: '/halibobo/curator/barrier/ready,s{8110,8110,1592982492629,1592982492629,0,0,0,0,13,0,8110}  
2020-06-24 15:08:12,643 [         ClientCnxn$SendThread] [846]  DEBUG - Got notification sessionid:0x10360f475270293 
2020-06-24 15:08:12,643 [         ClientCnxn$SendThread] [868]  DEBUG - Got WatchedEvent state:SyncConnected type:NodeCreated path:/halibobo/curator/barrier/ready for sessionid 0x10360f475270293 
2020-06-24 15:08:12,698 [         ClientCnxn$SendThread] [923]  DEBUG - Reading reply sessionid:0x10360f475270292, packet:: clientPath:null serverPath:null finished:false header:: 7,12  replyHeader:: 7,8110,0  request:: '/halibobo/curator/barrier,F  response:: v{'ba501446-e58e-44f3-89a6-9c52b1211510,'a3e23523-f573-4e6c-bea7-5f813827ee38,'8ef6b3a8-195b-44d2-9e86-ec25d2b4293f,'6ca360a1-f7ad-4454-a9e1-1256417f1d3a,'acda56ab-0d83-4275-86a3-05fdd6771767,'ready},s{8103,8103,1592982492013,1592982492013,0,6,0,0,0,6,8110}  
2020-06-24 15:08:12,726 [         ClientCnxn$SendThread] [923]  DEBUG - Reading reply sessionid:0x10360f475270292, packet:: clientPath:null serverPath:null finished:false header:: 8,3  replyHeader:: 8,8110,0  request:: '/halibobo/curator/barrier/ba501446-e58e-44f3-89a6-9c52b1211510,T  response:: s{8108,8108,1592982492569,1592982492569,0,0,0,73008622021837459,13,0,8108}  
2020-06-24 15:08:12,968 [         ClientCnxn$SendThread] [923]  DEBUG - Reading reply sessionid:0x10360f475270295, packet:: clientPath:null serverPath:null finished:false header:: 6,12  replyHeader:: 6,8110,0  request:: '/halibobo/curator/barrier,F  response:: v{'ba501446-e58e-44f3-89a6-9c52b1211510,'a3e23523-f573-4e6c-bea7-5f813827ee38,'8ef6b3a8-195b-44d2-9e86-ec25d2b4293f,'6ca360a1-f7ad-4454-a9e1-1256417f1d3a,'acda56ab-0d83-4275-86a3-05fdd6771767,'ready},s{8103,8103,1592982492013,1592982492013,0,6,0,0,0,6,8110}  
2020-06-24 15:08:12,987 [         ClientCnxn$SendThread] [923]  DEBUG - Reading reply sessionid:0x10360f475270295, packet:: clientPath:null serverPath:null finished:false header:: 7,3  replyHeader:: 7,8110,0  request:: '/halibobo/curator/barrier/6ca360a1-f7ad-4454-a9e1-1256417f1d3a,T  response:: s{8109,8109,1592982492593,1592982492593,0,0,0,73008622021837458,13,0,8109}  
2020-06-24 15:08:13,014 [         ClientCnxn$SendThread] [923]  DEBUG - Reading reply sessionid:0x10360f475270295, packet:: clientPath:null serverPath:null finished:false header:: 8,2  replyHeader:: 8,8111,0  request:: '/halibobo/curator/barrier/8ef6b3a8-195b-44d2-9e86-ec25d2b4293f,-1  response:: null 
2020-06-24 15:08:13,175 [         ClientCnxn$SendThread] [923]  DEBUG - Reading reply sessionid:0x10360f475270293, packet:: clientPath:null serverPath:null finished:false header:: 6,12  replyHeader:: 6,8111,0  request:: '/halibobo/curator/barrier,F  response:: v{'ba501446-e58e-44f3-89a6-9c52b1211510,'a3e23523-f573-4e6c-bea7-5f813827ee38,'6ca360a1-f7ad-4454-a9e1-1256417f1d3a,'acda56ab-0d83-4275-86a3-05fdd6771767,'ready},s{8103,8103,1592982492013,1592982492013,0,7,0,0,0,5,8111}  
2020-06-24 15:08:13,205 [         ClientCnxn$SendThread] [923]  DEBUG - Reading reply sessionid:0x10360f475270293, packet:: clientPath:null serverPath:null finished:false header:: 7,3  replyHeader:: 7,8111,0  request:: '/halibobo/curator/barrier/6ca360a1-f7ad-4454-a9e1-1256417f1d3a,T  response:: s{8109,8109,1592982492593,1592982492593,0,0,0,73008622021837458,13,0,8109}  
2020-06-24 15:08:13,225 [         ClientCnxn$SendThread] [846]  DEBUG - Got notification sessionid:0x10360f475270292 
2020-06-24 15:08:13,225 [         ClientCnxn$SendThread] [923]  DEBUG - Reading reply sessionid:0x10360f475270293, packet:: clientPath:null serverPath:null finished:false header:: 8,2  replyHeader:: 8,8112,0  request:: '/halibobo/curator/barrier/ba501446-e58e-44f3-89a6-9c52b1211510,-1  response:: null 
2020-06-24 15:08:13,225 [         ClientCnxn$SendThread] [868]  DEBUG - Got WatchedEvent state:SyncConnected type:NodeDeleted path:/halibobo/curator/barrier/ba501446-e58e-44f3-89a6-9c52b1211510 for sessionid 0x10360f475270292 
2020-06-24 15:08:13,244 [         ClientCnxn$SendThread] [923]  DEBUG - Reading reply sessionid:0x10360f475270292, packet:: clientPath:null serverPath:null finished:false header:: 9,12  replyHeader:: 9,8112,0  request:: '/halibobo/curator/barrier,F  response:: v{'a3e23523-f573-4e6c-bea7-5f813827ee38,'6ca360a1-f7ad-4454-a9e1-1256417f1d3a,'acda56ab-0d83-4275-86a3-05fdd6771767,'ready},s{8103,8103,1592982492013,1592982492013,0,8,0,0,0,4,8112}  
2020-06-24 15:08:13,263 [         ClientCnxn$SendThread] [923]  DEBUG - Reading reply sessionid:0x10360f475270292, packet:: clientPath:null serverPath:null finished:false header:: 10,3  replyHeader:: 10,8112,0  request:: '/halibobo/curator/barrier/acda56ab-0d83-4275-86a3-05fdd6771767,T  response:: s{8106,8106,1592982492054,1592982492054,0,0,0,73008622021837460,13,0,8106}  
2020-06-24 15:08:13,481 [         ClientCnxn$SendThread] [923]  DEBUG - Reading reply sessionid:0x10360f475270294, packet:: clientPath:null serverPath:null finished:false header:: 11,12  replyHeader:: 11,8112,0  request:: '/halibobo/curator/barrier,F  response:: v{'a3e23523-f573-4e6c-bea7-5f813827ee38,'6ca360a1-f7ad-4454-a9e1-1256417f1d3a,'acda56ab-0d83-4275-86a3-05fdd6771767,'ready},s{8103,8103,1592982492013,1592982492013,0,8,0,0,0,4,8112}  
2020-06-24 15:08:13,481 [         ClientCnxn$SendThread] [821]  DEBUG - Got ping response for sessionid: 0x10360f475270294 after 20ms 
2020-06-24 15:08:13,506 [         ClientCnxn$SendThread] [923]  DEBUG - Reading reply sessionid:0x10360f475270294, packet:: clientPath:null serverPath:null finished:false header:: 12,3  replyHeader:: 12,8112,0  request:: '/halibobo/curator/barrier/6ca360a1-f7ad-4454-a9e1-1256417f1d3a,T  response:: s{8109,8109,1592982492593,1592982492593,0,0,0,73008622021837458,13,0,8109}  
2020-06-24 15:08:13,547 [         ClientCnxn$SendThread] [846]  DEBUG - Got notification sessionid:0x10360f475270292 
2020-06-24 15:08:13,547 [         ClientCnxn$SendThread] [923]  DEBUG - Reading reply sessionid:0x10360f475270294, packet:: clientPath:null serverPath:null finished:false header:: 13,2  replyHeader:: 13,8113,0  request:: '/halibobo/curator/barrier/acda56ab-0d83-4275-86a3-05fdd6771767,-1  response:: null 
2020-06-24 15:08:13,547 [         ClientCnxn$SendThread] [868]  DEBUG - Got WatchedEvent state:SyncConnected type:NodeDeleted path:/halibobo/curator/barrier/acda56ab-0d83-4275-86a3-05fdd6771767 for sessionid 0x10360f475270292 
2020-06-24 15:08:13,547 [         ClientCnxn$SendThread] [923]  DEBUG - Reading reply sessionid:0x10360f475270296, packet:: clientPath:null serverPath:null finished:false header:: 11,12  replyHeader:: 11,8113,0  request:: '/halibobo/curator/barrier,F  response:: v{'a3e23523-f573-4e6c-bea7-5f813827ee38,'6ca360a1-f7ad-4454-a9e1-1256417f1d3a,'ready},s{8103,8103,1592982492013,1592982492013,0,9,0,0,0,3,8113}  
2020-06-24 15:08:13,553 [         ClientCnxn$SendThread] [821]  DEBUG - Got ping response for sessionid: 0x10360f475270296 after 30ms 
2020-06-24 15:08:13,572 [         ClientCnxn$SendThread] [923]  DEBUG - Reading reply sessionid:0x10360f475270296, packet:: clientPath:null serverPath:null finished:false header:: 12,3  replyHeader:: 12,8113,0  request:: '/halibobo/curator/barrier/6ca360a1-f7ad-4454-a9e1-1256417f1d3a,T  response:: s{8109,8109,1592982492593,1592982492593,0,0,0,73008622021837458,13,0,8109}  
2020-06-24 15:08:13,572 [         ClientCnxn$SendThread] [923]  DEBUG - Reading reply sessionid:0x10360f475270292, packet:: clientPath:null serverPath:null finished:false header:: 11,12  replyHeader:: 11,8113,0  request:: '/halibobo/curator/barrier,F  response:: v{'a3e23523-f573-4e6c-bea7-5f813827ee38,'6ca360a1-f7ad-4454-a9e1-1256417f1d3a,'ready},s{8103,8103,1592982492013,1592982492013,0,9,0,0,0,3,8113}  
2020-06-24 15:08:13,592 [         ClientCnxn$SendThread] [923]  DEBUG - Reading reply sessionid:0x10360f475270296, packet:: clientPath:null serverPath:null finished:false header:: 13,2  replyHeader:: 13,8114,0  request:: '/halibobo/curator/barrier/a3e23523-f573-4e6c-bea7-5f813827ee38,-1  response:: null 
2020-06-24 15:08:13,592 [         ClientCnxn$SendThread] [923]  DEBUG - Reading reply sessionid:0x10360f475270292, packet:: clientPath:null serverPath:null finished:false header:: 12,3  replyHeader:: 12,8114,-101  request:: '/halibobo/curator/barrier/a3e23523-f573-4e6c-bea7-5f813827ee38,T  response::   
2020-06-24 15:08:13,610 [         ClientCnxn$SendThread] [923]  DEBUG - Reading reply sessionid:0x10360f475270292, packet:: clientPath:null serverPath:null finished:false header:: 13,12  replyHeader:: 13,8114,0  request:: '/halibobo/curator/barrier,F  response:: v{'6ca360a1-f7ad-4454-a9e1-1256417f1d3a,'ready},s{8103,8103,1592982492013,1592982492013,0,10,0,0,0,2,8114}  
2020-06-24 15:08:13,629 [         ClientCnxn$SendThread] [923]  DEBUG - Reading reply sessionid:0x10360f475270292, packet:: clientPath:null serverPath:null finished:false header:: 14,2  replyHeader:: 14,8115,0  request:: '/halibobo/curator/barrier/6ca360a1-f7ad-4454-a9e1-1256417f1d3a,-1  response:: null 
2020-06-24 15:08:13,630 [         ClientCnxn$SendThread] [846]  DEBUG - Got notification sessionid:0x10360f475270294 
2020-06-24 15:08:13,630 [         ClientCnxn$SendThread] [868]  DEBUG - Got WatchedEvent state:SyncConnected type:NodeDeleted path:/halibobo/curator/barrier/6ca360a1-f7ad-4454-a9e1-1256417f1d3a for sessionid 0x10360f475270294 
2020-06-24 15:08:13,630 [         ClientCnxn$SendThread] [846]  DEBUG - Got notification sessionid:0x10360f475270296 
2020-06-24 15:08:13,630 [         ClientCnxn$SendThread] [846]  DEBUG - Got notification sessionid:0x10360f475270293 
2020-06-24 15:08:13,630 [         ClientCnxn$SendThread] [846]  DEBUG - Got notification sessionid:0x10360f475270295 
2020-06-24 15:08:13,630 [         ClientCnxn$SendThread] [868]  DEBUG - Got WatchedEvent state:SyncConnected type:NodeDeleted path:/halibobo/curator/barrier/6ca360a1-f7ad-4454-a9e1-1256417f1d3a for sessionid 0x10360f475270293 
2020-06-24 15:08:13,630 [         ClientCnxn$SendThread] [868]  DEBUG - Got WatchedEvent state:SyncConnected type:NodeDeleted path:/halibobo/curator/barrier/6ca360a1-f7ad-4454-a9e1-1256417f1d3a for sessionid 0x10360f475270296 
2020-06-24 15:08:13,630 [         ClientCnxn$SendThread] [868]  DEBUG - Got WatchedEvent state:SyncConnected type:NodeDeleted path:/halibobo/curator/barrier/6ca360a1-f7ad-4454-a9e1-1256417f1d3a for sessionid 0x10360f475270295 
2020-06-24 15:08:13,646 [         ClientCnxn$SendThread] [923]  DEBUG - Reading reply sessionid:0x10360f475270292, packet:: clientPath:null serverPath:null finished:false header:: 15,2  replyHeader:: 15,8116,0  request:: '/halibobo/curator/barrier/ready,-1  response:: null 
2020-06-24 15:08:13,647 [         ClientCnxn$SendThread] [923]  DEBUG - Reading reply sessionid:0x10360f475270293, packet:: clientPath:null serverPath:null finished:false header:: 9,12  replyHeader:: 9,8116,0  request:: '/halibobo/curator/barrier,F  response:: v{},s{8103,8103,1592982492013,1592982492013,0,12,0,0,0,0,8116}  
2020-06-24 15:08:13,647 [         ClientCnxn$SendThread] [923]  DEBUG - Reading reply sessionid:0x10360f475270296, packet:: clientPath:null serverPath:null finished:false header:: 14,12  replyHeader:: 14,8116,0  request:: '/halibobo/curator/barrier,F  response:: v{},s{8103,8103,1592982492013,1592982492013,0,12,0,0,0,0,8116}  
2020-06-24 15:08:13,647 [         ClientCnxn$SendThread] [923]  DEBUG - Reading reply sessionid:0x10360f475270295, packet:: clientPath:null serverPath:null finished:false header:: 9,12  replyHeader:: 9,8116,0  request:: '/halibobo/curator/barrier,F  response:: v{},s{8103,8103,1592982492013,1592982492013,0,12,0,0,0,0,8116}  
2020-06-24 15:08:13,646 [         ClientCnxn$SendThread] [923]  DEBUG - Reading reply sessionid:0x10360f475270294, packet:: clientPath:null serverPath:null finished:false header:: 14,12  replyHeader:: 14,8116,0  request:: '/halibobo/curator/barrier,F  response:: v{},s{8103,8103,1592982492013,1592982492013,0,12,0,0,0,0,8116}  
2020-06-24 15:08:13,665 [         ClientCnxn$SendThread] [923]  DEBUG - Reading reply sessionid:0x10360f475270296, packet:: clientPath:null serverPath:null finished:false header:: 15,2  replyHeader:: 15,8117,-101  request:: '/halibobo/curator/barrier/ready,-1  response:: null 
2020-06-24 15:08:13,666 [         ClientCnxn$SendThread] [923]  DEBUG - Reading reply sessionid:0x10360f475270295, packet:: clientPath:null serverPath:null finished:false header:: 10,2  replyHeader:: 10,8120,-101  request:: '/halibobo/curator/barrier/ready,-1  response:: null 
2020-06-24 15:08:13,666 [         ClientCnxn$SendThread] [923]  DEBUG - Reading reply sessionid:0x10360f475270293, packet:: clientPath:null serverPath:null finished:false header:: 10,2  replyHeader:: 10,8118,-101  request:: '/halibobo/curator/barrier/ready,-1  response:: null 
2020-06-24 15:08:13,666 [         ClientCnxn$SendThread] [923]  DEBUG - Reading reply sessionid:0x10360f475270294, packet:: clientPath:null serverPath:null finished:false header:: 15,2  replyHeader:: 15,8119,-101  request:: '/halibobo/curator/barrier/ready,-1  response:: null 
